[debug] [2023-10-12T10:39:18.274Z] ----------------------------------------------------------------------
[debug] [2023-10-12T10:39:18.276Z] Command:       C:\Program Files\nodejs\node.exe C:\Users\OM\AppData\Roaming\npm\node_modules\firebase-tools\lib\bin\firebase.js deploy
[debug] [2023-10-12T10:39:18.277Z] CLI Version:   12.7.0
[debug] [2023-10-12T10:39:18.277Z] Platform:      win32
[debug] [2023-10-12T10:39:18.277Z] Node Version:  v18.16.0
[debug] [2023-10-12T10:39:18.278Z] Time:          Thu Oct 12 2023 16:09:18 GMT+0530 (India Standard Time)
[debug] [2023-10-12T10:39:18.279Z] ----------------------------------------------------------------------
[debug] 
[debug] [2023-10-12T10:39:18.398Z] > command requires scopes: ["email","openid","https://www.googleapis.com/auth/cloudplatformprojects.readonly","https://www.googleapis.com/auth/firebase","https://www.googleapis.com/auth/cloud-platform"]
[debug] [2023-10-12T10:39:18.399Z] > authorizing via signed-in user (monudhaka829@gmail.com)
[debug] [2023-10-12T10:39:18.399Z] [iam] checking project work-up-react for permissions ["firebase.projects.get","firebasehosting.sites.update"]
[debug] [2023-10-12T10:39:18.402Z] >>> [apiv2][query] POST https://cloudresourcemanager.googleapis.com/v1/projects/work-up-react:testIamPermissions [none]
[debug] [2023-10-12T10:39:18.402Z] >>> [apiv2][(partial)header] POST https://cloudresourcemanager.googleapis.com/v1/projects/work-up-react:testIamPermissions x-goog-quota-user=projects/work-up-react
[debug] [2023-10-12T10:39:18.403Z] >>> [apiv2][body] POST https://cloudresourcemanager.googleapis.com/v1/projects/work-up-react:testIamPermissions {"permissions":["firebase.projects.get","firebasehosting.sites.update"]}
[debug] [2023-10-12T10:39:20.138Z] <<< [apiv2][status] POST https://cloudresourcemanager.googleapis.com/v1/projects/work-up-react:testIamPermissions 200
[debug] [2023-10-12T10:39:20.139Z] <<< [apiv2][body] POST https://cloudresourcemanager.googleapis.com/v1/projects/work-up-react:testIamPermissions {}
[debug] [2023-10-12T10:39:20.140Z] [iam] error while checking permissions, command may fail: FirebaseError: Authorization failed. This account is missing the following required permissions on project work-up-react:

  firebase.projects.get
  firebasehosting.sites.update
[debug] [2023-10-12T10:39:20.142Z] >>> [apiv2][query] GET https://firebase.googleapis.com/v1beta1/projects/work-up-react [none]
[debug] [2023-10-12T10:39:20.676Z] <<< [apiv2][status] GET https://firebase.googleapis.com/v1beta1/projects/work-up-react 403
[debug] [2023-10-12T10:39:20.677Z] <<< [apiv2][body] GET https://firebase.googleapis.com/v1beta1/projects/work-up-react {"error":{"code":403,"message":"The caller does not have permission","status":"PERMISSION_DENIED"}}
[debug] [2023-10-12T10:39:20.679Z] HTTP Error: 403, The caller does not have permission
[debug] [2023-10-12T10:39:20.877Z] FirebaseError: HTTP Error: 403, The caller does not have permission
    at responseToError (C:\Users\OM\AppData\Roaming\npm\node_modules\firebase-tools\lib\responseToError.js:49:12)
    at RetryOperation._fn (C:\Users\OM\AppData\Roaming\npm\node_modules\firebase-tools\lib\apiv2.js:285:77)
    at process.processTicksAndRejections (node:internal/process/task_queues:95:5)
[error] 
[error] Error: Failed to get Firebase project work-up-react. Please make sure the project exists and your account has permission to access it.
